<?xml version="1.0" encoding="UTF-8"?>
<!-- Generated by org.testng.reporters.JUnitReportReporter -->
<testsuite hostname="DESKTOP-RNIOPJD" failures="0" tests="3" name="Com_Para_TestCases.Tc_01_Login_Ada" time="21.155" errors="0" timestamp="2025-09-28T15:38:06 IST" skipped="0">
  <testcase classname="Com_Para_TestCases.Tc_01_Login_Ada" name="loginTest" time="7.223"/>
  <testcase classname="Com_Para_TestCases.Tc_01_Login_Ada" name="loginTest" time="7.269"/>
  <testcase classname="Com_Para_TestCases.Tc_01_Login_Ada" name="loginTest" time="6.663"/>
</testsuite> <!-- Com_Para_TestCases.Tc_01_Login_Ada -->
