<?xml version="1.0" encoding="UTF-8"?>
<!-- Generated by org.testng.reporters.JUnitReportReporter -->
<testsuite hostname="DESKTOP-RNIOPJD" failures="0" tests="1" name="Com_Para_TestCases.Tc_01_Registration_page" time="4.188" errors="0" timestamp="2025-09-27T22:45:31 IST" skipped="0">
  <testcase classname="Com_Para_TestCases.Tc_01_Registration_page" name="PararegistrationP" time="4.188"/>
</testsuite> <!-- Com_Para_TestCases.Tc_01_Registration_page -->
